<?xml version="1.0" encoding="UTF-8"?>
<!-- Generated by org.testng.reporters.JUnitReportReporter -->
<testsuite skipped="0" hostname="DESKTOP-89OTHQ5" name="com.jbk.DemoTest1" tests="1" failures="0" timestamp="23 Jan 2021 04:58:32 GMT" time="29.860" errors="0">
  <testcase name="test01" time="29.860" classname="com.jbk.DemoTest1"/>
</testsuite> <!-- com.jbk.DemoTest1 -->
