<?xml version="1.0" encoding="UTF-8"?>
<!-- Generated by org.testng.reporters.JUnitReportReporter -->
<testsuite skipped="0" hostname="DESKTOP-89OTHQ5" name="com.jbk.DemoTest" tests="2" failures="0" timestamp="23 Jan 2021 05:43:51 GMT" time="18.711" errors="0">
  <testcase name="test01" time="15.633" classname="com.jbk.DemoTest"/>
  <testcase name="test02" time="3.078" classname="com.jbk.DemoTest"/>
</testsuite> <!-- com.jbk.DemoTest -->
